<?xml version="1.0" encoding="UTF-8"?>
<testng-results ignored="0" total="1" passed="1" failed="0" skipped="0">
  <reporter-output>
  </reporter-output>
  <suite started-at="2023-05-19T02:44:04Z" name="Testing_Suite" finished-at="2023-05-19T02:44:16Z" duration-ms="12827">
    <groups>
      <group name="cucumber">
        <method signature="AbstractTestNGCucumberTests.feature(cucumber.api.testng.CucumberFeatureWrapper)[pri:0, instance:Runner.Runnerclass@557caf28]" name="feature" class="cucumber.api.testng.AbstractTestNGCucumberTests"/>
      </group> <!-- cucumber -->
    </groups>
    <test started-at="2023-05-19T02:44:04Z" name="RegressionTest" finished-at="2023-05-19T02:44:16Z" duration-ms="12827">
      <class name="Runner.Runnerclass">
        <test-method is-config="true" signature="setUpClass()[pri:0, instance:Runner.Runnerclass@557caf28]" started-at="2023-05-19T08:14:04Z" name="setUpClass" finished-at="2023-05-19T08:14:04Z" duration-ms="415" status="PASS">
          <reporter-output>
          </reporter-output>
        </test-method> <!-- setUpClass -->
        <test-method signature="feature(cucumber.api.testng.CucumberFeatureWrapper)[pri:0, instance:Runner.Runnerclass@557caf28]" started-at="2023-05-19T08:14:04Z" name="feature" description="Runs Cucumber Feature" data-provider="features" finished-at="2023-05-19T08:14:15Z" duration-ms="11121" status="PASS">
          <params>
            <param index="0">
              <value>
                <![CDATA[Login feature file]]>
              </value>
            </param>
          </params>
          <reporter-output>
          </reporter-output>
        </test-method> <!-- feature -->
        <test-method is-config="true" signature="setup()[pri:0, instance:Runner.Runnerclass@557caf28]" started-at="2023-05-19T08:14:15Z" name="setup" finished-at="2023-05-19T08:14:15Z" duration-ms="110" status="PASS">
          <reporter-output>
          </reporter-output>
        </test-method> <!-- setup -->
        <test-method is-config="true" signature="tearDownClass()[pri:0, instance:Runner.Runnerclass@557caf28]" started-at="2023-05-19T08:14:15Z" name="tearDownClass" finished-at="2023-05-19T08:14:16Z" duration-ms="988" status="PASS">
          <reporter-output>
          </reporter-output>
        </test-method> <!-- tearDownClass -->
      </class> <!-- Runner.Runnerclass -->
    </test> <!-- RegressionTest -->
  </suite> <!-- Testing_Suite -->
</testng-results>
